<?xml version="1.0" encoding="UTF-8"?>
<!-- Generated by org.testng.reporters.JUnitReportReporter -->
<testsuite hostname="EC2AMAZ-S11DBRH" failures="0" tests="1" name="googleTest.screenshotAndStoreinaFolder" time="3.308" errors="0" timestamp="2024-02-08T18:04:58 GMT" skipped="0">
  <testcase classname="googleTest.screenshotAndStoreinaFolder" name="storess" time="3.308"/>
</testsuite> <!-- googleTest.screenshotAndStoreinaFolder -->
