<?xml version="1.0" encoding="UTF-8"?>
<!-- Generated by org.testng.reporters.JUnitReportReporter -->
<testsuite hostname="EC2AMAZ-S11DBRH" failures="0" tests="1" name="googleTest.ScreenshotTesting" time="3.231" errors="0" timestamp="2024-02-08T04:10:06 GMT" skipped="0">
  <testcase classname="googleTest.ScreenshotTesting" name="search" time="3.231"/>
</testsuite> <!-- googleTest.ScreenshotTesting -->
