<?xml version="1.0" encoding="UTF-8"?>
<!-- Generated by org.testng.reporters.JUnitReportReporter -->
<testsuite hostname="EC2AMAZ-S11DBRH" failures="0" tests="2" name="googleTest.GoogleSearchPageTest" time="3.145" errors="0" timestamp="2024-02-08T03:43:13 GMT" skipped="0">
  <testcase classname="googleTest.GoogleSearchPageTest" name="GoogleSearch" time="3.141"/>
  <testcase classname="googleTest.GoogleSearchPageTest" name="testcase" time="0.004"/>
</testsuite> <!-- googleTest.GoogleSearchPageTest -->
