<?xml version="1.0" encoding="UTF-8"?>
<!-- Generated by org.testng.reporters.JUnitReportReporter -->
<testsuite hostname="EC2AMAZ-S11DBRH" failures="0" tests="1" name="Practicetestng.fileoperations" time="0.016" errors="0" timestamp="2024-02-06T05:43:44 GMT" skipped="0">
  <testcase classname="Practicetestng.fileoperations" name="testcase1" time="0.016"/>
</testsuite> <!-- Practicetestng.fileoperations -->
