<?xml version="1.0" encoding="UTF-8"?>
<!-- Generated by org.testng.reporters.JUnitReportReporter -->
<testsuite hostname="EC2AMAZ-S11DBRH" failures="0" tests="1" name="googleTest.seleniumgrid" time="4.262" errors="0" timestamp="2024-02-08T07:17:57 GMT" skipped="0">
  <testcase classname="googleTest.seleniumgrid" name="seleniumGrid" time="4.262"/>
</testsuite> <!-- googleTest.seleniumgrid -->
