<?xml version="1.0" encoding="UTF-8"?>
<!-- Generated by org.testng.reporters.JUnitReportReporter -->
<testsuite hostname="EC2AMAZ-S11DBRH" failures="0" tests="2" name="Practicetestng.Annotations" time="0.013" errors="0" timestamp="2024-02-06T04:50:53 GMT" skipped="0">
  <testcase classname="Practicetestng.Annotations" name="testcase2" time="0.007"/>
  <testcase classname="Practicetestng.Annotations" name="testcase" time="0.006"/>
</testsuite> <!-- Practicetestng.Annotations -->
